{"/Users/julienassouline/Documents/react-baseball-charts-2/src/index.js": {"path":"/Users/julienassouline/Documents/react-baseball-charts-2/src/index.js","statementMap":{"0":{"start":{"line":4,"column":2},"end":{"line":4,"column":33}}},"fnMap":{"0":{"name":"ButtonCool","decl":{"start":{"line":3,"column":9},"end":{"line":3,"column":19}},"loc":{"start":{"line":3,"column":30},"end":{"line":5,"column":1}},"line":3}},"branchMap":{},"s":{"0":0},"f":{"0":0},"b":{}}
,"/Users/julienassouline/Documents/react-baseball-charts-2/src/index.stories.js": {"path":"/Users/julienassouline/Documents/react-baseball-charts-2/src/index.stories.js","statementMap":{"0":{"start":{"line":7,"column":26},"end":{"line":7,"column":66}},"1":{"start":{"line":7,"column":40},"end":{"line":7,"column":66}},"2":{"start":{"line":9,"column":25},"end":{"line":15,"column":1}},"3":{"start":{"line":10,"column":2},"end":{"line":14,"column":11}}},"fnMap":{"0":{"name":"(anonymous_0)","decl":{"start":{"line":7,"column":26},"end":{"line":7,"column":27}},"loc":{"start":{"line":7,"column":40},"end":{"line":7,"column":66}},"line":7},"1":{"name":"(anonymous_1)","decl":{"start":{"line":9,"column":25},"end":{"line":9,"column":26}},"loc":{"start":{"line":10,"column":2},"end":{"line":14,"column":11}},"line":10}},"branchMap":{},"s":{"0":0,"1":0,"2":0,"3":0},"f":{"0":0,"1":0},"b":{}}
,"/Users/julienassouline/Documents/react-baseball-charts-2/src/components/BaseballChartsContainer.js": {"path":"/Users/julienassouline/Documents/react-baseball-charts-2/src/components/BaseballChartsContainer.js","statementMap":{"0":{"start":{"line":5,"column":2},"end":{"line":13,"column":4}},"1":{"start":{"line":9,"column":10},"end":{"line":9,"column":54}}},"fnMap":{"0":{"name":"BaseballChartsContainer","decl":{"start":{"line":4,"column":9},"end":{"line":4,"column":32}},"loc":{"start":{"line":4,"column":62},"end":{"line":14,"column":1}},"line":4},"1":{"name":"(anonymous_1)","decl":{"start":{"line":8,"column":38},"end":{"line":8,"column":39}},"loc":{"start":{"line":8,"column":49},"end":{"line":10,"column":9}},"line":8}},"branchMap":{},"s":{"0":0,"1":0},"f":{"0":0,"1":0},"b":{}}
,"/Users/julienassouline/Documents/react-baseball-charts-2/src/components/Hexbin.js": {"path":"/Users/julienassouline/Documents/react-baseball-charts-2/src/components/Hexbin.js","statementMap":{"0":{"start":{"line":27,"column":25},"end":{"line":27,"column":57}},"1":{"start":{"line":29,"column":39},"end":{"line":29,"column":43}},"2":{"start":{"line":31,"column":21},"end":{"line":38,"column":6}},"3":{"start":{"line":32,"column":14},"end":{"line":32,"column":26}},"4":{"start":{"line":33,"column":14},"end":{"line":33,"column":26}},"5":{"start":{"line":42,"column":6},"end":{"line":42,"column":69}},"6":{"start":{"line":42,"column":28},"end":{"line":42,"column":69}},"7":{"start":{"line":42,"column":50},"end":{"line":42,"column":67}},"8":{"start":{"line":43,"column":6},"end":{"line":43,"column":73}},"9":{"start":{"line":43,"column":30},"end":{"line":43,"column":73}},"10":{"start":{"line":43,"column":54},"end":{"line":43,"column":71}},"11":{"start":{"line":44,"column":6},"end":{"line":44,"column":67}},"12":{"start":{"line":44,"column":27},"end":{"line":44,"column":67}},"13":{"start":{"line":44,"column":48},"end":{"line":44,"column":65}},"14":{"start":{"line":45,"column":6},"end":{"line":45,"column":67}},"15":{"start":{"line":45,"column":27},"end":{"line":45,"column":67}},"16":{"start":{"line":45,"column":48},"end":{"line":45,"column":65}},"17":{"start":{"line":46,"column":6},"end":{"line":46,"column":67}},"18":{"start":{"line":46,"column":27},"end":{"line":46,"column":67}},"19":{"start":{"line":46,"column":48},"end":{"line":46,"column":65}},"20":{"start":{"line":49,"column":17},"end":{"line":58,"column":5}},"21":{"start":{"line":51,"column":8},"end":{"line":56,"column":10}},"22":{"start":{"line":60,"column":4},"end":{"line":60,"column":16}},"23":{"start":{"line":63,"column":15},"end":{"line":63,"column":56}},"24":{"start":{"line":65,"column":16},"end":{"line":65,"column":52}},"25":{"start":{"line":67,"column":2},"end":{"line":80,"column":5}},"26":{"start":{"line":68,"column":4},"end":{"line":79,"column":8}},"27":{"start":{"line":76,"column":28},"end":{"line":76,"column":71}},"28":{"start":{"line":77,"column":26},"end":{"line":77,"column":52}},"29":{"start":{"line":83,"column":0},"end":{"line":95,"column":2}}},"fnMap":{"0":{"name":"Hexbin","decl":{"start":{"line":12,"column":9},"end":{"line":12,"column":15}},"loc":{"start":{"line":26,"column":3},"end":{"line":81,"column":1}},"line":26},"1":{"name":"(anonymous_1)","decl":{"start":{"line":32,"column":7},"end":{"line":32,"column":8}},"loc":{"start":{"line":32,"column":14},"end":{"line":32,"column":26}},"line":32},"2":{"name":"(anonymous_2)","decl":{"start":{"line":33,"column":7},"end":{"line":33,"column":8}},"loc":{"start":{"line":33,"column":14},"end":{"line":33,"column":26}},"line":33},"3":{"name":"binData","decl":{"start":{"line":40,"column":11},"end":{"line":40,"column":18}},"loc":{"start":{"line":40,"column":53},"end":{"line":61,"column":3}},"line":40},"4":{"name":"aggregatorFun","decl":{"start":{"line":41,"column":13},"end":{"line":41,"column":26}},"loc":{"start":{"line":41,"column":37},"end":{"line":47,"column":5}},"line":41},"5":{"name":"(anonymous_5)","decl":{"start":{"line":42,"column":43},"end":{"line":42,"column":44}},"loc":{"start":{"line":42,"column":50},"end":{"line":42,"column":67}},"line":42},"6":{"name":"(anonymous_6)","decl":{"start":{"line":43,"column":47},"end":{"line":43,"column":48}},"loc":{"start":{"line":43,"column":54},"end":{"line":43,"column":71}},"line":43},"7":{"name":"(anonymous_7)","decl":{"start":{"line":44,"column":41},"end":{"line":44,"column":42}},"loc":{"start":{"line":44,"column":48},"end":{"line":44,"column":65}},"line":44},"8":{"name":"(anonymous_8)","decl":{"start":{"line":45,"column":41},"end":{"line":45,"column":42}},"loc":{"start":{"line":45,"column":48},"end":{"line":45,"column":65}},"line":45},"9":{"name":"(anonymous_9)","decl":{"start":{"line":46,"column":41},"end":{"line":46,"column":42}},"loc":{"start":{"line":46,"column":48},"end":{"line":46,"column":65}},"line":46},"10":{"name":"(anonymous_10)","decl":{"start":{"line":50,"column":27},"end":{"line":50,"column":28}},"loc":{"start":{"line":50,"column":34},"end":{"line":57,"column":7}},"line":50},"11":{"name":"(anonymous_11)","decl":{"start":{"line":67,"column":18},"end":{"line":67,"column":19}},"loc":{"start":{"line":68,"column":4},"end":{"line":79,"column":8}},"line":68},"12":{"name":"(anonymous_12)","decl":{"start":{"line":76,"column":21},"end":{"line":76,"column":22}},"loc":{"start":{"line":76,"column":28},"end":{"line":76,"column":71}},"line":76},"13":{"name":"(anonymous_13)","decl":{"start":{"line":77,"column":20},"end":{"line":77,"column":21}},"loc":{"start":{"line":77,"column":26},"end":{"line":77,"column":52}},"line":77}},"branchMap":{"0":{"loc":{"start":{"line":23,"column":2},"end":{"line":23,"column":11}},"type":"default-arg","locations":[{"start":{"line":23,"column":9},"end":{"line":23,"column":11}}],"line":23},"1":{"loc":{"start":{"line":27,"column":25},"end":{"line":27,"column":57}},"type":"binary-expr","locations":[{"start":{"line":27,"column":25},"end":{"line":27,"column":51}},{"start":{"line":27,"column":55},"end":{"line":27,"column":57}}],"line":27},"2":{"loc":{"start":{"line":42,"column":6},"end":{"line":42,"column":69}},"type":"if","locations":[{"start":{"line":42,"column":6},"end":{"line":42,"column":69}},{"start":{"line":42,"column":6},"end":{"line":42,"column":69}}],"line":42},"3":{"loc":{"start":{"line":43,"column":6},"end":{"line":43,"column":73}},"type":"if","locations":[{"start":{"line":43,"column":6},"end":{"line":43,"column":73}},{"start":{"line":43,"column":6},"end":{"line":43,"column":73}}],"line":43},"4":{"loc":{"start":{"line":44,"column":6},"end":{"line":44,"column":67}},"type":"if","locations":[{"start":{"line":44,"column":6},"end":{"line":44,"column":67}},{"start":{"line":44,"column":6},"end":{"line":44,"column":67}}],"line":44},"5":{"loc":{"start":{"line":45,"column":6},"end":{"line":45,"column":67}},"type":"if","locations":[{"start":{"line":45,"column":6},"end":{"line":45,"column":67}},{"start":{"line":45,"column":6},"end":{"line":45,"column":67}}],"line":45},"6":{"loc":{"start":{"line":46,"column":6},"end":{"line":46,"column":67}},"type":"if","locations":[{"start":{"line":46,"column":6},"end":{"line":46,"column":67}},{"start":{"line":46,"column":6},"end":{"line":46,"column":67}}],"line":46},"7":{"loc":{"start":{"line":73,"column":16},"end":{"line":73,"column":55}},"type":"cond-expr","locations":[{"start":{"line":73,"column":24},"end":{"line":73,"column":48}},{"start":{"line":73,"column":51},"end":{"line":73,"column":55}}],"line":73}},"s":{"0":0,"1":0,"2":0,"3":0,"4":0,"5":0,"6":0,"7":0,"8":0,"9":0,"10":0,"11":0,"12":0,"13":0,"14":0,"15":0,"16":0,"17":0,"18":0,"19":0,"20":0,"21":0,"22":0,"23":0,"24":0,"25":0,"26":0,"27":0,"28":0,"29":0},"f":{"0":0,"1":0,"2":0,"3":0,"4":0,"5":0,"6":0,"7":0,"8":0,"9":0,"10":0,"11":0,"12":0,"13":0},"b":{"0":[0],"1":[0,0],"2":[0,0],"3":[0,0],"4":[0,0],"5":[0,0],"6":[0,0],"7":[0,0]}}
,"/Users/julienassouline/Documents/react-baseball-charts-2/src/components/Legends.js": {"path":"/Users/julienassouline/Documents/react-baseball-charts-2/src/components/Legends.js","statementMap":{"0":{"start":{"line":6,"column":16},"end":{"line":6,"column":57}},"1":{"start":{"line":8,"column":15},"end":{"line":8,"column":23}},"2":{"start":{"line":9,"column":2},"end":{"line":11,"column":3}},"3":{"start":{"line":10,"column":4},"end":{"line":10,"column":24}},"4":{"start":{"line":12,"column":2},"end":{"line":14,"column":3}},"5":{"start":{"line":13,"column":4},"end":{"line":13,"column":26}},"6":{"start":{"line":19,"column":2},"end":{"line":25,"column":3}},"7":{"start":{"line":20,"column":4},"end":{"line":20,"column":29}},"8":{"start":{"line":21,"column":4},"end":{"line":21,"column":20}},"9":{"start":{"line":22,"column":9},"end":{"line":25,"column":3}},"10":{"start":{"line":23,"column":4},"end":{"line":23,"column":33}},"11":{"start":{"line":24,"column":4},"end":{"line":24,"column":17}},"12":{"start":{"line":27,"column":2},"end":{"line":42,"column":4}},"13":{"start":{"line":37,"column":8},"end":{"line":39,"column":14}},"14":{"start":{"line":55,"column":16},"end":{"line":55,"column":57}},"15":{"start":{"line":57,"column":15},"end":{"line":57,"column":23}},"16":{"start":{"line":58,"column":2},"end":{"line":60,"column":3}},"17":{"start":{"line":59,"column":4},"end":{"line":59,"column":24}},"18":{"start":{"line":61,"column":2},"end":{"line":63,"column":3}},"19":{"start":{"line":62,"column":4},"end":{"line":62,"column":26}},"20":{"start":{"line":68,"column":2},"end":{"line":74,"column":3}},"21":{"start":{"line":69,"column":4},"end":{"line":69,"column":29}},"22":{"start":{"line":70,"column":4},"end":{"line":70,"column":20}},"23":{"start":{"line":71,"column":9},"end":{"line":74,"column":3}},"24":{"start":{"line":72,"column":4},"end":{"line":72,"column":33}},"25":{"start":{"line":73,"column":4},"end":{"line":73,"column":17}},"26":{"start":{"line":76,"column":2},"end":{"line":102,"column":4}},"27":{"start":{"line":86,"column":8},"end":{"line":99,"column":14}},"28":{"start":{"line":116,"column":39},"end":{"line":116,"column":44}},"29":{"start":{"line":118,"column":16},"end":{"line":118,"column":52}},"30":{"start":{"line":121,"column":4},"end":{"line":128,"column":8}},"31":{"start":{"line":122,"column":6},"end":{"line":122,"column":44}},"32":{"start":{"line":123,"column":11},"end":{"line":128,"column":8}},"33":{"start":{"line":124,"column":6},"end":{"line":124,"column":45}},"34":{"start":{"line":126,"column":6},"end":{"line":128,"column":8}},"35":{"start":{"line":131,"column":17},"end":{"line":131,"column":71}},"36":{"start":{"line":133,"column":2},"end":{"line":160,"column":4}},"37":{"start":{"line":137,"column":10},"end":{"line":156,"column":14}}},"fnMap":{"0":{"name":"TextLegend","decl":{"start":{"line":5,"column":9},"end":{"line":5,"column":19}},"loc":{"start":{"line":5,"column":77},"end":{"line":43,"column":1}},"line":5},"1":{"name":"(anonymous_1)","decl":{"start":{"line":36,"column":22},"end":{"line":36,"column":23}},"loc":{"start":{"line":37,"column":8},"end":{"line":39,"column":14}},"line":37},"2":{"name":"CircleLegend","decl":{"start":{"line":45,"column":9},"end":{"line":45,"column":21}},"loc":{"start":{"line":54,"column":3},"end":{"line":103,"column":1}},"line":54},"3":{"name":"(anonymous_3)","decl":{"start":{"line":85,"column":22},"end":{"line":85,"column":23}},"loc":{"start":{"line":86,"column":8},"end":{"line":99,"column":14}},"line":86},"4":{"name":"LinearLegend","decl":{"start":{"line":105,"column":9},"end":{"line":105,"column":21}},"loc":{"start":{"line":115,"column":3},"end":{"line":161,"column":1}},"line":115},"5":{"name":"scaleRange","decl":{"start":{"line":120,"column":11},"end":{"line":120,"column":21}},"loc":{"start":{"line":120,"column":35},"end":{"line":129,"column":3}},"line":120},"6":{"name":"(anonymous_6)","decl":{"start":{"line":136,"column":28},"end":{"line":136,"column":29}},"loc":{"start":{"line":137,"column":10},"end":{"line":156,"column":14}},"line":137}},"branchMap":{"0":{"loc":{"start":{"line":9,"column":2},"end":{"line":11,"column":3}},"type":"if","locations":[{"start":{"line":9,"column":2},"end":{"line":11,"column":3}},{"start":{"line":9,"column":2},"end":{"line":11,"column":3}}],"line":9},"1":{"loc":{"start":{"line":12,"column":2},"end":{"line":14,"column":3}},"type":"if","locations":[{"start":{"line":12,"column":2},"end":{"line":14,"column":3}},{"start":{"line":12,"column":2},"end":{"line":14,"column":3}}],"line":12},"2":{"loc":{"start":{"line":19,"column":2},"end":{"line":25,"column":3}},"type":"if","locations":[{"start":{"line":19,"column":2},"end":{"line":25,"column":3}},{"start":{"line":19,"column":2},"end":{"line":25,"column":3}}],"line":19},"3":{"loc":{"start":{"line":22,"column":9},"end":{"line":25,"column":3}},"type":"if","locations":[{"start":{"line":22,"column":9},"end":{"line":25,"column":3}},{"start":{"line":22,"column":9},"end":{"line":25,"column":3}}],"line":22},"4":{"loc":{"start":{"line":58,"column":2},"end":{"line":60,"column":3}},"type":"if","locations":[{"start":{"line":58,"column":2},"end":{"line":60,"column":3}},{"start":{"line":58,"column":2},"end":{"line":60,"column":3}}],"line":58},"5":{"loc":{"start":{"line":61,"column":2},"end":{"line":63,"column":3}},"type":"if","locations":[{"start":{"line":61,"column":2},"end":{"line":63,"column":3}},{"start":{"line":61,"column":2},"end":{"line":63,"column":3}}],"line":61},"6":{"loc":{"start":{"line":68,"column":2},"end":{"line":74,"column":3}},"type":"if","locations":[{"start":{"line":68,"column":2},"end":{"line":74,"column":3}},{"start":{"line":68,"column":2},"end":{"line":74,"column":3}}],"line":68},"7":{"loc":{"start":{"line":71,"column":9},"end":{"line":74,"column":3}},"type":"if","locations":[{"start":{"line":71,"column":9},"end":{"line":74,"column":3}},{"start":{"line":71,"column":9},"end":{"line":74,"column":3}}],"line":71},"8":{"loc":{"start":{"line":110,"column":2},"end":{"line":110,"column":15}},"type":"default-arg","locations":[{"start":{"line":110,"column":13},"end":{"line":110,"column":15}}],"line":110},"9":{"loc":{"start":{"line":111,"column":2},"end":{"line":111,"column":17}},"type":"default-arg","locations":[{"start":{"line":111,"column":15},"end":{"line":111,"column":17}}],"line":111},"10":{"loc":{"start":{"line":112,"column":2},"end":{"line":112,"column":14}},"type":"default-arg","locations":[{"start":{"line":112,"column":12},"end":{"line":112,"column":14}}],"line":112},"11":{"loc":{"start":{"line":113,"column":2},"end":{"line":113,"column":18}},"type":"default-arg","locations":[{"start":{"line":113,"column":16},"end":{"line":113,"column":18}}],"line":113},"12":{"loc":{"start":{"line":114,"column":2},"end":{"line":114,"column":23}},"type":"default-arg","locations":[{"start":{"line":114,"column":11},"end":{"line":114,"column":23}}],"line":114},"13":{"loc":{"start":{"line":121,"column":4},"end":{"line":128,"column":8}},"type":"if","locations":[{"start":{"line":121,"column":4},"end":{"line":128,"column":8}},{"start":{"line":121,"column":4},"end":{"line":128,"column":8}}],"line":121},"14":{"loc":{"start":{"line":123,"column":11},"end":{"line":128,"column":8}},"type":"if","locations":[{"start":{"line":123,"column":11},"end":{"line":128,"column":8}},{"start":{"line":123,"column":11},"end":{"line":128,"column":8}}],"line":123},"15":{"loc":{"start":{"line":139,"column":17},"end":{"line":139,"column":65}},"type":"cond-expr","locations":[{"start":{"line":139,"column":43},"end":{"line":139,"column":52}},{"start":{"line":139,"column":55},"end":{"line":139,"column":65}}],"line":139},"16":{"loc":{"start":{"line":140,"column":17},"end":{"line":140,"column":66}},"type":"cond-expr","locations":[{"start":{"line":140,"column":43},"end":{"line":140,"column":54}},{"start":{"line":140,"column":57},"end":{"line":140,"column":66}}],"line":140},"17":{"loc":{"start":{"line":150,"column":17},"end":{"line":150,"column":69}},"type":"cond-expr","locations":[{"start":{"line":150,"column":43},"end":{"line":150,"column":52}},{"start":{"line":150,"column":55},"end":{"line":150,"column":69}}],"line":150},"18":{"loc":{"start":{"line":151,"column":17},"end":{"line":151,"column":70}},"type":"cond-expr","locations":[{"start":{"line":151,"column":43},"end":{"line":151,"column":58}},{"start":{"line":151,"column":61},"end":{"line":151,"column":70}}],"line":151}},"s":{"0":0,"1":0,"2":0,"3":0,"4":0,"5":0,"6":0,"7":0,"8":0,"9":0,"10":0,"11":0,"12":0,"13":0,"14":0,"15":0,"16":0,"17":0,"18":0,"19":0,"20":0,"21":0,"22":0,"23":0,"24":0,"25":0,"26":0,"27":0,"28":0,"29":0,"30":0,"31":0,"32":0,"33":0,"34":0,"35":0,"36":0,"37":0},"f":{"0":0,"1":0,"2":0,"3":0,"4":0,"5":0,"6":0},"b":{"0":[0,0],"1":[0,0],"2":[0,0],"3":[0,0],"4":[0,0],"5":[0,0],"6":[0,0],"7":[0,0],"8":[0],"9":[0],"10":[0],"11":[0],"12":[0],"13":[0,0],"14":[0,0],"15":[0,0],"16":[0,0],"17":[0,0],"18":[0,0]}}
,"/Users/julienassouline/Documents/react-baseball-charts-2/src/components/Scatter.js": {"path":"/Users/julienassouline/Documents/react-baseball-charts-2/src/components/Scatter.js","statementMap":{"0":{"start":{"line":11,"column":25},"end":{"line":11,"column":57}},"1":{"start":{"line":13,"column":50},"end":{"line":13,"column":54}},"2":{"start":{"line":15,"column":16},"end":{"line":15,"column":52}},"3":{"start":{"line":18,"column":4},"end":{"line":22,"column":5}},"4":{"start":{"line":19,"column":6},"end":{"line":19,"column":44}},"5":{"start":{"line":21,"column":6},"end":{"line":21,"column":18}},"6":{"start":{"line":25,"column":18},"end":{"line":44,"column":4}},"7":{"start":{"line":26,"column":4},"end":{"line":43,"column":6}},"8":{"start":{"line":34,"column":8},"end":{"line":40,"column":9}},"9":{"start":{"line":42,"column":24},"end":{"line":42,"column":50}},"10":{"start":{"line":46,"column":2},"end":{"line":46,"column":24}},"11":{"start":{"line":49,"column":0},"end":{"line":58,"column":2}}},"fnMap":{"0":{"name":"Scatter","decl":{"start":{"line":10,"column":9},"end":{"line":10,"column":16}},"loc":{"start":{"line":10,"column":71},"end":{"line":47,"column":1}},"line":10},"1":{"name":"displayColor","decl":{"start":{"line":17,"column":11},"end":{"line":17,"column":23}},"loc":{"start":{"line":17,"column":38},"end":{"line":23,"column":3}},"line":17},"2":{"name":"(anonymous_2)","decl":{"start":{"line":25,"column":27},"end":{"line":25,"column":28}},"loc":{"start":{"line":26,"column":4},"end":{"line":43,"column":6}},"line":26},"3":{"name":"(anonymous_3)","decl":{"start":{"line":33,"column":19},"end":{"line":33,"column":20}},"loc":{"start":{"line":34,"column":8},"end":{"line":40,"column":9}},"line":34},"4":{"name":"(anonymous_4)","decl":{"start":{"line":42,"column":18},"end":{"line":42,"column":19}},"loc":{"start":{"line":42,"column":24},"end":{"line":42,"column":50}},"line":42}},"branchMap":{"0":{"loc":{"start":{"line":10,"column":58},"end":{"line":10,"column":67}},"type":"default-arg","locations":[{"start":{"line":10,"column":65},"end":{"line":10,"column":67}}],"line":10},"1":{"loc":{"start":{"line":11,"column":25},"end":{"line":11,"column":57}},"type":"binary-expr","locations":[{"start":{"line":11,"column":25},"end":{"line":11,"column":51}},{"start":{"line":11,"column":55},"end":{"line":11,"column":57}}],"line":11},"2":{"loc":{"start":{"line":18,"column":4},"end":{"line":22,"column":5}},"type":"if","locations":[{"start":{"line":18,"column":4},"end":{"line":22,"column":5}},{"start":{"line":18,"column":4},"end":{"line":22,"column":5}}],"line":18},"3":{"loc":{"start":{"line":19,"column":13},"end":{"line":19,"column":43}},"type":"cond-expr","locations":[{"start":{"line":19,"column":21},"end":{"line":19,"column":33}},{"start":{"line":19,"column":36},"end":{"line":19,"column":43}}],"line":19}},"s":{"0":1,"1":1,"2":1,"3":16,"4":0,"5":16,"6":1,"7":16,"8":0,"9":0,"10":1,"11":1},"f":{"0":1,"1":16,"2":16,"3":0,"4":0},"b":{"0":[1],"1":[1,1],"2":[0,16],"3":[0,0]},"_coverageSchema":"1a1c01bbd47fc00a2c39e90264f33305004495a9","hash":"bcda3b0a28841a0865a3253fcf10b5347dc5142d"}
,"/Users/julienassouline/Documents/react-baseball-charts-2/src/components/StrikeZone.js": {"path":"/Users/julienassouline/Documents/react-baseball-charts-2/src/components/StrikeZone.js","statementMap":{"0":{"start":{"line":7,"column":16},"end":{"line":7,"column":46}},"1":{"start":{"line":8,"column":13},"end":{"line":8,"column":43}},"2":{"start":{"line":10,"column":19},"end":{"line":10,"column":72}},"3":{"start":{"line":12,"column":17},"end":{"line":14,"column":22}},"4":{"start":{"line":13,"column":32},"end":{"line":13,"column":36}},"5":{"start":{"line":16,"column":17},"end":{"line":18,"column":23}},"6":{"start":{"line":17,"column":32},"end":{"line":17,"column":36}},"7":{"start":{"line":20,"column":22},"end":{"line":44,"column":8}},"8":{"start":{"line":33,"column":8},"end":{"line":43,"column":11}},"9":{"start":{"line":46,"column":2},"end":{"line":50,"column":4}},"10":{"start":{"line":53,"column":0},"end":{"line":58,"column":2}}},"fnMap":{"0":{"name":"StrikeZone","decl":{"start":{"line":6,"column":9},"end":{"line":6,"column":19}},"loc":{"start":{"line":6,"column":66},"end":{"line":51,"column":1}},"line":6},"1":{"name":"(anonymous_1)","decl":{"start":{"line":13,"column":25},"end":{"line":13,"column":26}},"loc":{"start":{"line":13,"column":32},"end":{"line":13,"column":36}},"line":13},"2":{"name":"(anonymous_2)","decl":{"start":{"line":17,"column":25},"end":{"line":17,"column":26}},"loc":{"start":{"line":17,"column":32},"end":{"line":17,"column":36}},"line":17},"3":{"name":"(anonymous_3)","decl":{"start":{"line":32,"column":35},"end":{"line":32,"column":36}},"loc":{"start":{"line":32,"column":46},"end":{"line":44,"column":7}},"line":32}},"branchMap":{"0":{"loc":{"start":{"line":6,"column":22},"end":{"line":6,"column":29}},"type":"default-arg","locations":[{"start":{"line":6,"column":26},"end":{"line":6,"column":29}}],"line":6},"1":{"loc":{"start":{"line":6,"column":31},"end":{"line":6,"column":38}},"type":"default-arg","locations":[{"start":{"line":6,"column":35},"end":{"line":6,"column":38}}],"line":6},"2":{"loc":{"start":{"line":10,"column":19},"end":{"line":10,"column":72}},"type":"cond-expr","locations":[{"start":{"line":10,"column":38},"end":{"line":10,"column":52}},{"start":{"line":10,"column":55},"end":{"line":10,"column":72}}],"line":10},"3":{"loc":{"start":{"line":20,"column":22},"end":{"line":44,"column":8}},"type":"cond-expr","locations":[{"start":{"line":21,"column":6},"end":{"line":31,"column":8}},{"start":{"line":32,"column":6},"end":{"line":44,"column":8}}],"line":20}},"s":{"0":2,"1":2,"2":2,"3":2,"4":32,"5":2,"6":32,"7":2,"8":2,"9":2,"10":1},"f":{"0":2,"1":32,"2":32,"3":2},"b":{"0":[0],"1":[0],"2":[1,1],"3":[1,1]},"_coverageSchema":"1a1c01bbd47fc00a2c39e90264f33305004495a9","hash":"951d7f9b55345690764a9ef23a563634cb33ddfe"}
,"/Users/julienassouline/Documents/react-baseball-charts-2/src/components/StrikeZoneBox.js": {"path":"/Users/julienassouline/Documents/react-baseball-charts-2/src/components/StrikeZoneBox.js","statementMap":{"0":{"start":{"line":4,"column":27},"end":{"line":9,"column":3}},"1":{"start":{"line":10,"column":2},"end":{"line":24,"column":4}}},"fnMap":{"0":{"name":"StrikeZoneBox","decl":{"start":{"line":3,"column":24},"end":{"line":3,"column":37}},"loc":{"start":{"line":3,"column":58},"end":{"line":25,"column":1}},"line":3}},"branchMap":{},"s":{"0":2,"1":2},"f":{"0":2},"b":{},"_coverageSchema":"1a1c01bbd47fc00a2c39e90264f33305004495a9","hash":"4aeaebe18691caf3d7d83113262f273d0d52a162"}
,"/Users/julienassouline/Documents/react-baseball-charts-2/src/components/Tooltip.js": {"path":"/Users/julienassouline/Documents/react-baseball-charts-2/src/components/Tooltip.js","statementMap":{"0":{"start":{"line":5,"column":22},"end":{"line":5,"column":48}},"1":{"start":{"line":6,"column":36},"end":{"line":6,"column":50}},"2":{"start":{"line":8,"column":21},"end":{"line":8,"column":33}},"3":{"start":{"line":9,"column":2},"end":{"line":12,"column":5}},"4":{"start":{"line":10,"column":24},"end":{"line":10,"column":67}},"5":{"start":{"line":11,"column":4},"end":{"line":11,"column":37}},"6":{"start":{"line":14,"column":2},"end":{"line":14,"column":37}},"7":{"start":{"line":14,"column":24},"end":{"line":14,"column":37}},"8":{"start":{"line":16,"column":25},"end":{"line":16,"column":32}},"9":{"start":{"line":18,"column":2},"end":{"line":41,"column":4}},"10":{"start":{"line":21,"column":8},"end":{"line":21,"column":33}}},"fnMap":{"0":{"name":"Tooltip","decl":{"start":{"line":4,"column":9},"end":{"line":4,"column":16}},"loc":{"start":{"line":4,"column":68},"end":{"line":42,"column":1}},"line":4},"1":{"name":"(anonymous_1)","decl":{"start":{"line":9,"column":18},"end":{"line":9,"column":19}},"loc":{"start":{"line":9,"column":24},"end":{"line":12,"column":3}},"line":9},"2":{"name":"(anonymous_2)","decl":{"start":{"line":20,"column":11},"end":{"line":20,"column":12}},"loc":{"start":{"line":20,"column":20},"end":{"line":22,"column":7}},"line":20}},"branchMap":{"0":{"loc":{"start":{"line":4,"column":35},"end":{"line":4,"column":54}},"type":"default-arg","locations":[{"start":{"line":4,"column":44},"end":{"line":4,"column":54}}],"line":4},"1":{"loc":{"start":{"line":14,"column":2},"end":{"line":14,"column":37}},"type":"if","locations":[{"start":{"line":14,"column":2},"end":{"line":14,"column":37}},{"start":{"line":14,"column":2},"end":{"line":14,"column":37}}],"line":14},"2":{"loc":{"start":{"line":34,"column":13},"end":{"line":34,"column":47}},"type":"cond-expr","locations":[{"start":{"line":34,"column":25},"end":{"line":34,"column":38}},{"start":{"line":34,"column":41},"end":{"line":34,"column":47}}],"line":34}},"s":{"0":0,"1":0,"2":0,"3":0,"4":0,"5":0,"6":0,"7":0,"8":0,"9":0,"10":0},"f":{"0":0,"1":0,"2":0},"b":{"0":[0],"1":[0,0],"2":[0,0]}}
,"/Users/julienassouline/Documents/react-baseball-charts-2/src/components/primitives/Circles.js": {"path":"/Users/julienassouline/Documents/react-baseball-charts-2/src/components/primitives/Circles.js","statementMap":{"0":{"start":{"line":4,"column":2},"end":{"line":4,"column":31}}},"fnMap":{"0":{"name":"Circles","decl":{"start":{"line":3,"column":9},"end":{"line":3,"column":16}},"loc":{"start":{"line":3,"column":24},"end":{"line":5,"column":1}},"line":3}},"branchMap":{},"s":{"0":16},"f":{"0":16},"b":{},"_coverageSchema":"1a1c01bbd47fc00a2c39e90264f33305004495a9","hash":"52cb699a6836e40c97d40d2c751f769bbc08cd07"}
,"/Users/julienassouline/Documents/react-baseball-charts-2/src/components/primitives/Path.js": {"path":"/Users/julienassouline/Documents/react-baseball-charts-2/src/components/primitives/Path.js","statementMap":{"0":{"start":{"line":4,"column":2},"end":{"line":4,"column":29}}},"fnMap":{"0":{"name":"Path","decl":{"start":{"line":3,"column":9},"end":{"line":3,"column":13}},"loc":{"start":{"line":3,"column":21},"end":{"line":5,"column":1}},"line":3}},"branchMap":{},"s":{"0":0},"f":{"0":0},"b":{}}
,"/Users/julienassouline/Documents/react-baseball-charts-2/src/components/utils/mouseEvents.js": {"path":"/Users/julienassouline/Documents/react-baseball-charts-2/src/components/utils/mouseEvents.js","statementMap":{"0":{"start":{"line":2,"column":2},"end":{"line":9,"column":3}},"1":{"start":{"line":3,"column":4},"end":{"line":8,"column":7}},"2":{"start":{"line":13,"column":2},"end":{"line":15,"column":3}},"3":{"start":{"line":14,"column":4},"end":{"line":14,"column":35}}},"fnMap":{"0":{"name":"handleMouseOver","decl":{"start":{"line":1,"column":9},"end":{"line":1,"column":24}},"loc":{"start":{"line":1,"column":49},"end":{"line":10,"column":1}},"line":1},"1":{"name":"handleMouseOut","decl":{"start":{"line":12,"column":9},"end":{"line":12,"column":23}},"loc":{"start":{"line":12,"column":36},"end":{"line":16,"column":1}},"line":12}},"branchMap":{"0":{"loc":{"start":{"line":2,"column":2},"end":{"line":9,"column":3}},"type":"if","locations":[{"start":{"line":2,"column":2},"end":{"line":9,"column":3}},{"start":{"line":2,"column":2},"end":{"line":9,"column":3}}],"line":2},"1":{"loc":{"start":{"line":13,"column":2},"end":{"line":15,"column":3}},"type":"if","locations":[{"start":{"line":13,"column":2},"end":{"line":15,"column":3}},{"start":{"line":13,"column":2},"end":{"line":15,"column":3}}],"line":13}},"s":{"0":0,"1":0,"2":0,"3":0},"f":{"0":0,"1":0},"b":{"0":[0,0],"1":[0,0]},"_coverageSchema":"1a1c01bbd47fc00a2c39e90264f33305004495a9","hash":"7bb9e0c8685955250d0cfee4b97ccdce8fe01c25"}
,"/Users/julienassouline/Documents/react-baseball-charts-2/src/components/utils/scales.js": {"path":"/Users/julienassouline/Documents/react-baseball-charts-2/src/components/utils/scales.js","statementMap":{"0":{"start":{"line":4,"column":2},"end":{"line":5,"column":62}},"1":{"start":{"line":5,"column":4},"end":{"line":5,"column":62}},"2":{"start":{"line":6,"column":2},"end":{"line":6,"column":79}},"3":{"start":{"line":6,"column":25},"end":{"line":6,"column":79}},"4":{"start":{"line":7,"column":2},"end":{"line":8,"column":59}},"5":{"start":{"line":8,"column":4},"end":{"line":8,"column":59}}},"fnMap":{"0":{"name":"colorScale","decl":{"start":{"line":3,"column":9},"end":{"line":3,"column":19}},"loc":{"start":{"line":3,"column":46},"end":{"line":9,"column":1}},"line":3}},"branchMap":{"0":{"loc":{"start":{"line":4,"column":2},"end":{"line":5,"column":62}},"type":"if","locations":[{"start":{"line":4,"column":2},"end":{"line":5,"column":62}},{"start":{"line":4,"column":2},"end":{"line":5,"column":62}}],"line":4},"1":{"loc":{"start":{"line":6,"column":2},"end":{"line":6,"column":79}},"type":"if","locations":[{"start":{"line":6,"column":2},"end":{"line":6,"column":79}},{"start":{"line":6,"column":2},"end":{"line":6,"column":79}}],"line":6},"2":{"loc":{"start":{"line":7,"column":2},"end":{"line":8,"column":59}},"type":"if","locations":[{"start":{"line":7,"column":2},"end":{"line":8,"column":59}},{"start":{"line":7,"column":2},"end":{"line":8,"column":59}}],"line":7}},"s":{"0":1,"1":0,"2":1,"3":0,"4":1,"5":0},"f":{"0":1},"b":{"0":[0,1],"1":[0,1],"2":[0,1]},"_coverageSchema":"1a1c01bbd47fc00a2c39e90264f33305004495a9","hash":"47193ea1116a722ea4fc4834c355dadbba209a41"}
,"/Users/julienassouline/Documents/react-baseball-charts-2/src/context/TooltipContext.js": {"path":"/Users/julienassouline/Documents/react-baseball-charts-2/src/context/TooltipContext.js","statementMap":{"0":{"start":{"line":3,"column":23},"end":{"line":3,"column":38}},"1":{"start":{"line":5,"column":24},"end":{"line":17,"column":1}},"2":{"start":{"line":6,"column":32},"end":{"line":10,"column":4}},"3":{"start":{"line":12,"column":16},"end":{"line":12,"column":39}},"4":{"start":{"line":14,"column":2},"end":{"line":16,"column":4}}},"fnMap":{"0":{"name":"(anonymous_0)","decl":{"start":{"line":5,"column":24},"end":{"line":5,"column":25}},"loc":{"start":{"line":5,"column":42},"end":{"line":17,"column":1}},"line":5}},"branchMap":{},"s":{"0":1,"1":1,"2":0,"3":0,"4":0},"f":{"0":0},"b":{},"_coverageSchema":"1a1c01bbd47fc00a2c39e90264f33305004495a9","hash":"223b079600e0d733972ffa87716b7c087a96fb9f"}
}
