TN:
SF:src/index.js
FN:3,ButtonCool
FNF:1
FNH:0
FNDA:0,ButtonCool
DA:4,0
LF:1
LH:0
BRF:0
BRH:0
end_of_record
TN:
SF:src/index.stories.js
FN:7,(anonymous_0)
FN:9,(anonymous_1)
FNF:2
FNH:0
FNDA:0,(anonymous_0)
FNDA:0,(anonymous_1)
DA:7,0
DA:9,0
DA:10,0
LF:3
LH:0
BRF:0
BRH:0
end_of_record
TN:
SF:src/components/BaseballChartsContainer.js
FN:4,BaseballChartsContainer
FN:8,(anonymous_1)
FNF:2
FNH:0
FNDA:0,BaseballChartsContainer
FNDA:0,(anonymous_1)
DA:5,0
DA:9,0
LF:2
LH:0
BRF:0
BRH:0
end_of_record
TN:
SF:src/components/Hexbin.js
FN:12,Hexbin
FN:32,(anonymous_1)
FN:33,(anonymous_2)
FN:40,binData
FN:41,aggregatorFun
FN:42,(anonymous_5)
FN:43,(anonymous_6)
FN:44,(anonymous_7)
FN:45,(anonymous_8)
FN:46,(anonymous_9)
FN:50,(anonymous_10)
FN:67,(anonymous_11)
FN:76,(anonymous_12)
FN:77,(anonymous_13)
FNF:14
FNH:0
FNDA:0,Hexbin
FNDA:0,(anonymous_1)
FNDA:0,(anonymous_2)
FNDA:0,binData
FNDA:0,aggregatorFun
FNDA:0,(anonymous_5)
FNDA:0,(anonymous_6)
FNDA:0,(anonymous_7)
FNDA:0,(anonymous_8)
FNDA:0,(anonymous_9)
FNDA:0,(anonymous_10)
FNDA:0,(anonymous_11)
FNDA:0,(anonymous_12)
FNDA:0,(anonymous_13)
DA:27,0
DA:29,0
DA:31,0
DA:32,0
DA:33,0
DA:42,0
DA:43,0
DA:44,0
DA:45,0
DA:46,0
DA:49,0
DA:51,0
DA:60,0
DA:63,0
DA:65,0
DA:67,0
DA:68,0
DA:76,0
DA:77,0
DA:83,0
LF:20
LH:0
BRDA:23,0,0,0
BRDA:27,1,0,0
BRDA:27,1,1,0
BRDA:42,2,0,0
BRDA:42,2,1,0
BRDA:43,3,0,0
BRDA:43,3,1,0
BRDA:44,4,0,0
BRDA:44,4,1,0
BRDA:45,5,0,0
BRDA:45,5,1,0
BRDA:46,6,0,0
BRDA:46,6,1,0
BRDA:73,7,0,0
BRDA:73,7,1,0
BRF:15
BRH:0
end_of_record
TN:
SF:src/components/Legends.js
FN:5,TextLegend
FN:36,(anonymous_1)
FN:45,CircleLegend
FN:85,(anonymous_3)
FN:105,LinearLegend
FN:120,scaleRange
FN:136,(anonymous_6)
FNF:7
FNH:0
FNDA:0,TextLegend
FNDA:0,(anonymous_1)
FNDA:0,CircleLegend
FNDA:0,(anonymous_3)
FNDA:0,LinearLegend
FNDA:0,scaleRange
FNDA:0,(anonymous_6)
DA:6,0
DA:8,0
DA:9,0
DA:10,0
DA:12,0
DA:13,0
DA:19,0
DA:20,0
DA:21,0
DA:22,0
DA:23,0
DA:24,0
DA:27,0
DA:37,0
DA:55,0
DA:57,0
DA:58,0
DA:59,0
DA:61,0
DA:62,0
DA:68,0
DA:69,0
DA:70,0
DA:71,0
DA:72,0
DA:73,0
DA:76,0
DA:86,0
DA:116,0
DA:118,0
DA:121,0
DA:122,0
DA:123,0
DA:124,0
DA:126,0
DA:131,0
DA:133,0
DA:137,0
LF:38
LH:0
BRDA:9,0,0,0
BRDA:9,0,1,0
BRDA:12,1,0,0
BRDA:12,1,1,0
BRDA:19,2,0,0
BRDA:19,2,1,0
BRDA:22,3,0,0
BRDA:22,3,1,0
BRDA:58,4,0,0
BRDA:58,4,1,0
BRDA:61,5,0,0
BRDA:61,5,1,0
BRDA:68,6,0,0
BRDA:68,6,1,0
BRDA:71,7,0,0
BRDA:71,7,1,0
BRDA:110,8,0,0
BRDA:111,9,0,0
BRDA:112,10,0,0
BRDA:113,11,0,0
BRDA:114,12,0,0
BRDA:121,13,0,0
BRDA:121,13,1,0
BRDA:123,14,0,0
BRDA:123,14,1,0
BRDA:139,15,0,0
BRDA:139,15,1,0
BRDA:140,16,0,0
BRDA:140,16,1,0
BRDA:150,17,0,0
BRDA:150,17,1,0
BRDA:151,18,0,0
BRDA:151,18,1,0
BRF:33
BRH:0
end_of_record
TN:
SF:src/components/Scatter.js
FN:10,Scatter
FN:17,displayColor
FN:25,(anonymous_2)
FN:33,(anonymous_3)
FN:42,(anonymous_4)
FNF:5
FNH:3
FNDA:1,Scatter
FNDA:16,displayColor
FNDA:16,(anonymous_2)
FNDA:0,(anonymous_3)
FNDA:0,(anonymous_4)
DA:11,1
DA:13,1
DA:15,1
DA:18,16
DA:19,0
DA:21,16
DA:25,1
DA:26,16
DA:34,0
DA:42,0
DA:46,1
DA:49,1
LF:12
LH:9
BRDA:10,0,0,1
BRDA:11,1,0,1
BRDA:11,1,1,1
BRDA:18,2,0,0
BRDA:18,2,1,16
BRDA:19,3,0,0
BRDA:19,3,1,0
BRF:7
BRH:4
end_of_record
TN:
SF:src/components/StrikeZone.js
FN:6,StrikeZone
FN:13,(anonymous_1)
FN:17,(anonymous_2)
FN:32,(anonymous_3)
FNF:4
FNH:4
FNDA:2,StrikeZone
FNDA:32,(anonymous_1)
FNDA:32,(anonymous_2)
FNDA:2,(anonymous_3)
DA:7,2
DA:8,2
DA:10,2
DA:12,2
DA:13,32
DA:16,2
DA:17,32
DA:20,2
DA:33,2
DA:46,2
DA:53,1
LF:11
LH:11
BRDA:6,0,0,0
BRDA:6,1,0,0
BRDA:10,2,0,1
BRDA:10,2,1,1
BRDA:20,3,0,1
BRDA:20,3,1,1
BRF:6
BRH:4
end_of_record
TN:
SF:src/components/StrikeZoneBox.js
FN:3,StrikeZoneBox
FNF:1
FNH:1
FNDA:2,StrikeZoneBox
DA:4,2
DA:10,2
LF:2
LH:2
BRF:0
BRH:0
end_of_record
TN:
SF:src/components/Tooltip.js
FN:4,Tooltip
FN:9,(anonymous_1)
FN:20,(anonymous_2)
FNF:3
FNH:0
FNDA:0,Tooltip
FNDA:0,(anonymous_1)
FNDA:0,(anonymous_2)
DA:5,0
DA:6,0
DA:8,0
DA:9,0
DA:10,0
DA:11,0
DA:14,0
DA:16,0
DA:18,0
DA:21,0
LF:10
LH:0
BRDA:4,0,0,0
BRDA:14,1,0,0
BRDA:14,1,1,0
BRDA:34,2,0,0
BRDA:34,2,1,0
BRF:5
BRH:0
end_of_record
TN:
SF:src/components/primitives/Circles.js
FN:3,Circles
FNF:1
FNH:1
FNDA:16,Circles
DA:4,16
LF:1
LH:1
BRF:0
BRH:0
end_of_record
TN:
SF:src/components/primitives/Path.js
FN:3,Path
FNF:1
FNH:0
FNDA:0,Path
DA:4,0
LF:1
LH:0
BRF:0
BRH:0
end_of_record
TN:
SF:src/components/utils/mouseEvents.js
FN:1,handleMouseOver
FN:12,handleMouseOut
FNF:2
FNH:0
FNDA:0,handleMouseOver
FNDA:0,handleMouseOut
DA:2,0
DA:3,0
DA:13,0
DA:14,0
LF:4
LH:0
BRDA:2,0,0,0
BRDA:2,0,1,0
BRDA:13,1,0,0
BRDA:13,1,1,0
BRF:4
BRH:0
end_of_record
TN:
SF:src/components/utils/scales.js
FN:3,colorScale
FNF:1
FNH:1
FNDA:1,colorScale
DA:4,1
DA:5,0
DA:6,1
DA:7,1
DA:8,0
LF:5
LH:3
BRDA:4,0,0,0
BRDA:4,0,1,1
BRDA:6,1,0,0
BRDA:6,1,1,1
BRDA:7,2,0,0
BRDA:7,2,1,1
BRF:6
BRH:3
end_of_record
TN:
SF:src/context/TooltipContext.js
FN:5,(anonymous_0)
FNF:1
FNH:0
FNDA:0,(anonymous_0)
DA:3,1
DA:5,1
DA:6,0
DA:12,0
DA:14,0
LF:5
LH:2
BRF:0
BRH:0
end_of_record
